{
  "stats": {
    "suites": 3,
    "tests": 10,
    "passes": 10,
    "pending": 0,
    "failures": 0,
    "start": "2021-12-14T12:25:24.752Z",
    "end": "2021-12-14T12:26:15.063Z",
    "duration": 33045,
    "testsRegistered": 10,
    "passPercent": 100,
    "pendingPercent": 0,
    "other": 0,
    "hasOther": false,
    "skipped": 0,
    "hasSkipped": false
  },
  "results": [
    {
      "uuid": "320d50c8-ef2e-4806-aa3d-a7f25acf1b81",
      "title": "",
      "fullFile": "cypress/integration/training/Datatable.js",
      "file": "cypress/integration/training/Datatable.js",
      "beforeHooks": [],
      "afterHooks": [],
      "tests": [],
      "suites": [
        {
          "uuid": "ebb1e45e-b1a2-44ac-b287-05823da20e26",
          "title": "datadriven",
          "fullFile": "",
          "file": "",
          "beforeHooks": [],
          "afterHooks": [],
          "tests": [
            {
              "title": "testdata",
              "fullTitle": "datadriven testdata",
              "timedOut": null,
              "duration": 3626,
              "state": "passed",
              "speed": "fast",
              "pass": true,
              "fail": false,
              "pending": false,
              "context": null,
              "code": "cy.visit('https://rahulshettyacademy.com/seleniumPractise/#/');\ncy.log(data.name);\ncy.log(data.email);",
              "err": {},
              "uuid": "1ffaa9cf-8bc6-4461-b5f2-b9683f876ee9",
              "parentUUID": "ebb1e45e-b1a2-44ac-b287-05823da20e26",
              "isHook": false,
              "skipped": false
            },
            {
              "title": "testdata",
              "fullTitle": "datadriven testdata",
              "timedOut": null,
              "duration": 519,
              "state": "passed",
              "speed": "fast",
              "pass": true,
              "fail": false,
              "pending": false,
              "context": null,
              "code": "cy.visit('https://rahulshettyacademy.com/seleniumPractise/#/');\ncy.log(data.name);\ncy.log(data.email);",
              "err": {},
              "uuid": "5b031e62-1ecd-4b39-ad6e-3dae3fbf7e02",
              "parentUUID": "ebb1e45e-b1a2-44ac-b287-05823da20e26",
              "isHook": false,
              "skipped": false
            },
            {
              "title": "testdata",
              "fullTitle": "datadriven testdata",
              "timedOut": null,
              "duration": 317,
              "state": "passed",
              "speed": "fast",
              "pass": true,
              "fail": false,
              "pending": false,
              "context": null,
              "code": "cy.visit('https://rahulshettyacademy.com/seleniumPractise/#/');\ncy.log(data.name);\ncy.log(data.email);",
              "err": {},
              "uuid": "1a2821be-7ed6-421b-bae0-7bba3d7d8a36",
              "parentUUID": "ebb1e45e-b1a2-44ac-b287-05823da20e26",
              "isHook": false,
              "skipped": false
            }
          ],
          "suites": [],
          "passes": [
            "1ffaa9cf-8bc6-4461-b5f2-b9683f876ee9",
            "5b031e62-1ecd-4b39-ad6e-3dae3fbf7e02",
            "1a2821be-7ed6-421b-bae0-7bba3d7d8a36"
          ],
          "failures": [],
          "pending": [],
          "skipped": [],
          "duration": 4462,
          "root": false,
          "rootEmpty": false,
          "_timeout": 2000
        }
      ],
      "passes": [],
      "failures": [],
      "pending": [],
      "skipped": [],
      "duration": 0,
      "root": true,
      "rootEmpty": true,
      "_timeout": 2000
    },
    {
      "uuid": "6ed4c941-7567-4501-93c6-d75459eb0bf3",
      "title": "",
      "fullFile": "cypress/integration/training/Heroku.js",
      "file": "cypress/integration/training/Heroku.js",
      "beforeHooks": [],
      "afterHooks": [],
      "tests": [],
      "suites": [
        {
          "uuid": "a1184104-0f28-4269-bad2-9c1a6fa9ac66",
          "title": "Heroku",
          "fullFile": "",
          "file": "",
          "beforeHooks": [],
          "afterHooks": [],
          "tests": [
            {
              "title": "abTesting",
              "fullTitle": "Heroku abTesting",
              "timedOut": null,
              "duration": 7507,
              "state": "passed",
              "speed": "medium",
              "pass": true,
              "fail": false,
              "pending": false,
              "context": null,
              "code": "cy.get('a[href=\"/abtest\"]').click();\ncy.get('h3').should('include.text', 'A/B Test');",
              "err": {},
              "uuid": "7de9d183-bfdb-49f7-9fde-89e2a3a3100b",
              "parentUUID": "a1184104-0f28-4269-bad2-9c1a6fa9ac66",
              "isHook": false,
              "skipped": false
            },
            {
              "title": "checkboxes",
              "fullTitle": "Heroku checkboxes",
              "timedOut": null,
              "duration": 1209,
              "state": "passed",
              "speed": "fast",
              "pass": true,
              "fail": false,
              "pending": false,
              "context": null,
              "code": "cy.get('a[href=\"/checkboxes\"]').click();\ncy.get('form input:nth-child(1)').check().should('be.checked');",
              "err": {},
              "uuid": "863fe429-7d44-45bc-9341-f08cf1bf793a",
              "parentUUID": "a1184104-0f28-4269-bad2-9c1a6fa9ac66",
              "isHook": false,
              "skipped": false
            },
            {
              "title": "dropdown",
              "fullTitle": "Heroku dropdown",
              "timedOut": null,
              "duration": 1233,
              "state": "passed",
              "speed": "fast",
              "pass": true,
              "fail": false,
              "pending": false,
              "context": null,
              "code": "cy.get('a[href=\"/dropdown\"]').click();\ncy.get('select').select('2').should('have.value', '2');",
              "err": {},
              "uuid": "de257989-7b58-4246-adb9-c08685799517",
              "parentUUID": "a1184104-0f28-4269-bad2-9c1a6fa9ac66",
              "isHook": false,
              "skipped": false
            },
            {
              "title": "contextMenu",
              "fullTitle": "Heroku contextMenu",
              "timedOut": null,
              "duration": 1925,
              "state": "passed",
              "speed": "fast",
              "pass": true,
              "fail": false,
              "pending": false,
              "context": null,
              "code": "cy.get('a[href=\"/context_menu\"]').click();\ncy.get('#hot-spot').rightclick();\ncy.on('window:alert', function (string) {\n  expect(string).to.equal('You selected a context menu');\n});",
              "err": {},
              "uuid": "764a4efc-48f2-440c-a4a4-43e956b399d2",
              "parentUUID": "a1184104-0f28-4269-bad2-9c1a6fa9ac66",
              "isHook": false,
              "skipped": false
            },
            {
              "title": "multipleWindows",
              "fullTitle": "Heroku multipleWindows",
              "timedOut": null,
              "duration": 2020,
              "state": "passed",
              "speed": "fast",
              "pass": true,
              "fail": false,
              "pending": false,
              "context": null,
              "code": "cy.get('a[href=\"/windows\"]').click();\ncy.get('a[href=\"/windows/new\"]').invoke('removeAttr', 'target').click();\ncy.get('h3').should('include.text', 'New Window');",
              "err": {},
              "uuid": "393e1ecf-6242-4820-bbd3-b591ddc69454",
              "parentUUID": "a1184104-0f28-4269-bad2-9c1a6fa9ac66",
              "isHook": false,
              "skipped": false
            },
            {
              "title": "alerts",
              "fullTitle": "Heroku alerts",
              "timedOut": null,
              "duration": 1093,
              "state": "passed",
              "speed": "fast",
              "pass": true,
              "fail": false,
              "pending": false,
              "context": null,
              "code": "cy.get('a[href=\"/javascript_alerts\"]').click();\ncy.get('button[onclick=\"jsAlert()\"]').click;\ncy.get('button[onclick=\"jsConfirm()\"]').click;\ncy.on('window:alert', function (string) {\n  expect(string).to.equal('I am a JS Alert');\n});\ncy.on('window:confirm', function (str) {\n  expect(str).to.equal('I am a JS Confirm');\n});",
              "err": {},
              "uuid": "c9f737fe-39be-499c-924b-2decdf4edce3",
              "parentUUID": "a1184104-0f28-4269-bad2-9c1a6fa9ac66",
              "isHook": false,
              "skipped": false
            }
          ],
          "suites": [],
          "passes": [
            "7de9d183-bfdb-49f7-9fde-89e2a3a3100b",
            "863fe429-7d44-45bc-9341-f08cf1bf793a",
            "de257989-7b58-4246-adb9-c08685799517",
            "764a4efc-48f2-440c-a4a4-43e956b399d2",
            "393e1ecf-6242-4820-bbd3-b591ddc69454",
            "c9f737fe-39be-499c-924b-2decdf4edce3"
          ],
          "failures": [],
          "pending": [],
          "skipped": [],
          "duration": 14987,
          "root": false,
          "rootEmpty": false,
          "_timeout": 2000
        }
      ],
      "passes": [],
      "failures": [],
      "pending": [],
      "skipped": [],
      "duration": 0,
      "root": true,
      "rootEmpty": true,
      "_timeout": 2000
    },
    {
      "uuid": "8b2bc651-b722-4461-9249-c9b62d424339",
      "title": "",
      "fullFile": "cypress/integration/training/AirAsia.js",
      "file": "cypress/integration/training/AirAsia.js",
      "beforeHooks": [],
      "afterHooks": [],
      "tests": [],
      "suites": [
        {
          "uuid": "4629258f-59c3-439a-a843-949eaa308cf5",
          "title": "AirAsia",
          "fullFile": "",
          "file": "",
          "beforeHooks": [],
          "afterHooks": [],
          "tests": [
            {
              "title": "ticketBooking",
              "fullTitle": "AirAsia ticketBooking",
              "timedOut": null,
              "duration": 13596,
              "state": "passed",
              "speed": "slow",
              "pass": true,
              "fail": false,
              "pending": false,
              "context": null,
              "code": "cy.visit('https://www.airasia.co.in/home');\nCypress.on('uncaught:exception', function (err, runnable) {\n  return false;\n});\ncy.get('div[style=\"width: 50%; border-right: 2px solid rgb(112, 112, 112);\"] div[id=\"One Way\"]').click();\ncy.get('[data-testid=source-field] > .flight-search-source-field-read-only').type('de');\ncy.get('.recent-list-items button').contains('New Delhi').click();\ncy.get('div[class=\"flight-search-source-feild-input\"] input[aria-describedby=\"basic-addon3\"]').type('g');\ncy.get('.recent-list-items button').contains('Goa').click();",
              "err": {},
              "uuid": "b8041b74-d8c6-4d06-801e-d61734575a35",
              "parentUUID": "4629258f-59c3-439a-a843-949eaa308cf5",
              "isHook": false,
              "skipped": false
            }
          ],
          "suites": [],
          "passes": [
            "b8041b74-d8c6-4d06-801e-d61734575a35"
          ],
          "failures": [],
          "pending": [],
          "skipped": [],
          "duration": 13596,
          "root": false,
          "rootEmpty": false,
          "_timeout": 2000
        }
      ],
      "passes": [],
      "failures": [],
      "pending": [],
      "skipped": [],
      "duration": 0,
      "root": true,
      "rootEmpty": true,
      "_timeout": 2000
    }
  ],
  "meta": {
    "mocha": {
      "version": "7.0.1"
    },
    "mochawesome": {
      "options": {
        "quiet": false,
        "reportFilename": "mochawesome",
        "saveHtml": false,
        "saveJson": true,
        "consoleReporter": "spec",
        "useInlineDiffs": false,
        "code": true
      },
      "version": "7.0.1"
    },
    "marge": {
      "options": {
        "reportDir": "cypress/reports",
        "overwrite": false,
        "html": false,
        "json": true
      },
      "version": "6.0.1"
    }
  }
}