{
  "stats": {
    "suites": 1,
    "tests": 3,
    "passes": 3,
    "pending": 0,
    "failures": 0,
    "start": "2021-12-14T12:25:45.851Z",
    "end": "2021-12-14T12:25:52.518Z",
    "duration": 6667,
    "testsRegistered": 3,
    "passPercent": 100,
    "pendingPercent": 0,
    "other": 0,
    "hasOther": false,
    "skipped": 0,
    "hasSkipped": false
  },
  "results": [
    {
      "uuid": "320d50c8-ef2e-4806-aa3d-a7f25acf1b81",
      "title": "",
      "fullFile": "cypress/integration/training/Datatable.js",
      "file": "cypress/integration/training/Datatable.js",
      "beforeHooks": [],
      "afterHooks": [],
      "tests": [],
      "suites": [
        {
          "uuid": "ebb1e45e-b1a2-44ac-b287-05823da20e26",
          "title": "datadriven",
          "fullFile": "",
          "file": "",
          "beforeHooks": [],
          "afterHooks": [],
          "tests": [
            {
              "title": "testdata",
              "fullTitle": "datadriven testdata",
              "timedOut": null,
              "duration": 3626,
              "state": "passed",
              "speed": "fast",
              "pass": true,
              "fail": false,
              "pending": false,
              "context": null,
              "code": "cy.visit('https://rahulshettyacademy.com/seleniumPractise/#/');\ncy.log(data.name);\ncy.log(data.email);",
              "err": {},
              "uuid": "1ffaa9cf-8bc6-4461-b5f2-b9683f876ee9",
              "parentUUID": "ebb1e45e-b1a2-44ac-b287-05823da20e26",
              "isHook": false,
              "skipped": false
            },
            {
              "title": "testdata",
              "fullTitle": "datadriven testdata",
              "timedOut": null,
              "duration": 519,
              "state": "passed",
              "speed": "fast",
              "pass": true,
              "fail": false,
              "pending": false,
              "context": null,
              "code": "cy.visit('https://rahulshettyacademy.com/seleniumPractise/#/');\ncy.log(data.name);\ncy.log(data.email);",
              "err": {},
              "uuid": "5b031e62-1ecd-4b39-ad6e-3dae3fbf7e02",
              "parentUUID": "ebb1e45e-b1a2-44ac-b287-05823da20e26",
              "isHook": false,
              "skipped": false
            },
            {
              "title": "testdata",
              "fullTitle": "datadriven testdata",
              "timedOut": null,
              "duration": 317,
              "state": "passed",
              "speed": "fast",
              "pass": true,
              "fail": false,
              "pending": false,
              "context": null,
              "code": "cy.visit('https://rahulshettyacademy.com/seleniumPractise/#/');\ncy.log(data.name);\ncy.log(data.email);",
              "err": {},
              "uuid": "1a2821be-7ed6-421b-bae0-7bba3d7d8a36",
              "parentUUID": "ebb1e45e-b1a2-44ac-b287-05823da20e26",
              "isHook": false,
              "skipped": false
            }
          ],
          "suites": [],
          "passes": [
            "1ffaa9cf-8bc6-4461-b5f2-b9683f876ee9",
            "5b031e62-1ecd-4b39-ad6e-3dae3fbf7e02",
            "1a2821be-7ed6-421b-bae0-7bba3d7d8a36"
          ],
          "failures": [],
          "pending": [],
          "skipped": [],
          "duration": 4462,
          "root": false,
          "rootEmpty": false,
          "_timeout": 2000
        }
      ],
      "passes": [],
      "failures": [],
      "pending": [],
      "skipped": [],
      "duration": 0,
      "root": true,
      "rootEmpty": true,
      "_timeout": 2000
    }
  ],
  "meta": {
    "mocha": {
      "version": "7.0.1"
    },
    "mochawesome": {
      "options": {
        "quiet": false,
        "reportFilename": "mochawesome",
        "saveHtml": false,
        "saveJson": true,
        "consoleReporter": "spec",
        "useInlineDiffs": false,
        "code": true
      },
      "version": "7.0.1"
    },
    "marge": {
      "options": {
        "reportDir": "cypress/reports",
        "overwrite": false,
        "html": false,
        "json": true
      },
      "version": "6.0.1"
    }
  }
}