{
  "stats": {
    "suites": 1,
    "tests": 1,
    "passes": 1,
    "pending": 0,
    "failures": 0,
    "start": "2021-12-14T12:25:24.752Z",
    "end": "2021-12-14T12:25:41.152Z",
    "duration": 16400,
    "testsRegistered": 1,
    "passPercent": 100,
    "pendingPercent": 0,
    "other": 0,
    "hasOther": false,
    "skipped": 0,
    "hasSkipped": false
  },
  "results": [
    {
      "uuid": "8b2bc651-b722-4461-9249-c9b62d424339",
      "title": "",
      "fullFile": "cypress/integration/training/AirAsia.js",
      "file": "cypress/integration/training/AirAsia.js",
      "beforeHooks": [],
      "afterHooks": [],
      "tests": [],
      "suites": [
        {
          "uuid": "4629258f-59c3-439a-a843-949eaa308cf5",
          "title": "AirAsia",
          "fullFile": "",
          "file": "",
          "beforeHooks": [],
          "afterHooks": [],
          "tests": [
            {
              "title": "ticketBooking",
              "fullTitle": "AirAsia ticketBooking",
              "timedOut": null,
              "duration": 13596,
              "state": "passed",
              "speed": "slow",
              "pass": true,
              "fail": false,
              "pending": false,
              "context": null,
              "code": "cy.visit('https://www.airasia.co.in/home');\nCypress.on('uncaught:exception', function (err, runnable) {\n  return false;\n});\ncy.get('div[style=\"width: 50%; border-right: 2px solid rgb(112, 112, 112);\"] div[id=\"One Way\"]').click();\ncy.get('[data-testid=source-field] > .flight-search-source-field-read-only').type('de');\ncy.get('.recent-list-items button').contains('New Delhi').click();\ncy.get('div[class=\"flight-search-source-feild-input\"] input[aria-describedby=\"basic-addon3\"]').type('g');\ncy.get('.recent-list-items button').contains('Goa').click();",
              "err": {},
              "uuid": "b8041b74-d8c6-4d06-801e-d61734575a35",
              "parentUUID": "4629258f-59c3-439a-a843-949eaa308cf5",
              "isHook": false,
              "skipped": false
            }
          ],
          "suites": [],
          "passes": [
            "b8041b74-d8c6-4d06-801e-d61734575a35"
          ],
          "failures": [],
          "pending": [],
          "skipped": [],
          "duration": 13596,
          "root": false,
          "rootEmpty": false,
          "_timeout": 2000
        }
      ],
      "passes": [],
      "failures": [],
      "pending": [],
      "skipped": [],
      "duration": 0,
      "root": true,
      "rootEmpty": true,
      "_timeout": 2000
    }
  ],
  "meta": {
    "mocha": {
      "version": "7.0.1"
    },
    "mochawesome": {
      "options": {
        "quiet": false,
        "reportFilename": "mochawesome",
        "saveHtml": false,
        "saveJson": true,
        "consoleReporter": "spec",
        "useInlineDiffs": false,
        "code": true
      },
      "version": "7.0.1"
    },
    "marge": {
      "options": {
        "reportDir": "cypress/reports",
        "overwrite": false,
        "html": false,
        "json": true
      },
      "version": "6.0.1"
    }
  }
}